Arguments: 
  C:\Program Files\nodejs\node.exe C:\Program Files (x86)\Yarn\bin\yarn.js publish

PATH: 
  D:\cmder\bin;D:\cmder\vendor\conemu-maximus5\ConEmu\Scripts;D:\cmder\vendor\conemu-maximus5;D:\cmder\vendor\conemu-maximus5\ConEmu;C:\Program Files (x86)\NetSarang\Xshell 6\;C:\Program Files (x86)\NetSarang\Xftp 6\;C:\Windows\system32;C:\Windows;C:\Windows\System32\Wbem;C:\Windows\System32\WindowsPowerShell\v1.0\;C:\Windows\System32\OpenSSH\;C:\Program Files\nodejs\;C:\Program Files\Git\cmd;C:\ProgramData\chocolatey\bin;C:\Program Files (x86)\Yarn\bin\;C:\Program Files\TortoiseSVN\bin;C:\Users\admin\AppData\Local\Yarn\bin;D:\jx_win64v8;C:\Program Files\MySQL\MySQL Shell 8.0\bin\;C:\Users\admin\AppData\Local\Programs\Microsoft VS Code\bin;C:\Program Files\Git\mingw64;C:\Program Files\Git\usr\bin;D:\cmder

Yarn version: 
  1.16.0

Node version: 
  10.15.3

Platform: 
  win32 x64

Trace: 
  SyntaxError: D:\myProject\crd-cli\packages\@crd\cli-service\package.json: Unexpected token } in JSON at position 1164
      at JSON.parse (<anonymous>)
      at C:\Program Files (x86)\Yarn\lib\cli.js:1625:59
      at Generator.next (<anonymous>)
      at step (C:\Program Files (x86)\Yarn\lib\cli.js:304:30)
      at C:\Program Files (x86)\Yarn\lib\cli.js:315:13

npm manifest: 
  {
    "name": "@crd/cli-service",
    "version": "1.0.0",
    "description": "local service for crd-cli projects",
    "main": "lib/Service.js",
    "bin": {
      "crd-cli-server": "bin/service.js"
    },
    "license": "MIT",
    "dependencies": {
      "@babel/core": "^7.9.0",
      "autoprefixer": "^9.7.5",
      "babel-loader": "^8.1.0",
      "babel-preset-react": "^6.24.1",
      "chalk": "^3.0.0",
      "clean-webpack-plugin": "^3.0.0",
      "css-loader": "^3.4.2",
      "debug": "^4.1.1",
      "dotenv": "^8.2.0",
      "dotenv-expand": "^5.1.0",
      "file-loader": "^6.0.0",
      "html-webpack-plugin": "^4.0.1",
      "mini-css-extract-plugin": "^0.9.0",
      "postcss-loader": "^3.0.0",
      "style-loader": "^1.1.3",
      "uglifyjs-webpack-plugin": "^2.2.0",
      "url-loader": "^4.0.0",
      "webpack": "^4.42.1",
      "webpack-chain": "^6.4.0",
      "webpack-dev-server": "^3.10.3",
      "webpack-merge": "^4.2.2"
    },
    "peerDependenciesMeta": {
      "less-loader": {
        "optional": true
      },
      "sass-loader": {
        "optional": true
      },
      "stylus-loader": {
        "optional": true
      }
    },
    "engines": {
      "node": ">=8"
    },
    "publishConfig": {
      "access": "public",
    },
    "repository": {
      "type": "git",
      "url": "git+https://github.com/KO-Good-code/crd-cli.git",
      "directory": "packages/@vue/cli-service"
    }
  }

yarn manifest: 
  No manifest

Lockfile: 
  No lockfile
